ssp	1368115244	2013-05-10	00:00:44	|	00:00:44	#Prepare to make screenshot.
ssp	1368115244	2013-05-10	00:00:44	|	00:00:45	Screenshot created.
ssp	1368115244	2013-05-10	00:00:44	|	00:00:45	Screenshot renamed: 1368115244.95.jpg
ssp	1368115244	2013-05-10	00:00:44	|	00:00:45	Prepare to send screenshot: 1368115244.95.jpg
ssp	1368115244	2013-05-10	00:00:44	|	00:00:46	file berhasil kami terima dengan baik.
ssp	1368115244	2013-05-10	00:00:44	|	00:00:46	Screenshot was sent: 1368115244.95.jpg
ssp	1368115246	2013-05-10	00:00:46	|	00:00:46	#Prepare to make screenshot.
ssp	1368115246	2013-05-10	00:00:46	|	00:00:46	Screenshot created.
ssp	1368115246	2013-05-10	00:00:46	|	00:00:46	Screenshot renamed: 1368115246.06.jpg
ssp	1368115246	2013-05-10	00:00:46	|	00:00:46	Prepare to send screenshot: 1368115246.06.jpg
ssp	1368115246	2013-05-10	00:00:46	|	00:00:46	file berhasil kami terima dengan baik.
ssp	1368115246	2013-05-10	00:00:46	|	00:00:46	Screenshot was sent: 1368115246.06.jpg
ssp	1368115247	2013-05-10	00:00:47	|	00:00:47	#Prepare to make screenshot.
ssp	1368115247	2013-05-10	00:00:47	|	00:00:47	Screenshot created.
ssp	1368115247	2013-05-10	00:00:47	|	00:00:47	Screenshot renamed: 1368115247.16.jpg
ssp	1368115247	2013-05-10	00:00:47	|	00:00:47	Prepare to send screenshot: 1368115247.16.jpg
ssp	1368115247	2013-05-10	00:00:47	|	00:00:47	file berhasil kami terima dengan baik.
ssp	1368115247	2013-05-10	00:00:47	|	00:00:47	Screenshot was sent: 1368115247.16.jpg
ssp	1368115248	2013-05-10	00:00:48	|	00:00:48	#Prepare to make screenshot.
ssp	1368115248	2013-05-10	00:00:48	|	00:00:48	Screenshot created.
ssp	1368115248	2013-05-10	00:00:48	|	00:00:48	Screenshot renamed: 1368115248.15.jpg
ssp	1368115248	2013-05-10	00:00:48	|	00:00:48	Current screenshot detected same than before.
ssp	1368115248	2013-05-10	00:00:48	|	00:00:48	Deleted Screenshot: 1368115248.15.jpg
ssp	1368115249	2013-05-10	00:00:49	|	00:00:49	#Prepare to make screenshot.
ssp	1368115249	2013-05-10	00:00:49	|	00:00:49	Screenshot created.
ssp	1368115249	2013-05-10	00:00:49	|	00:00:49	Screenshot renamed: 1368115249.jpg
ssp	1368115249	2013-05-10	00:00:49	|	00:00:49	Prepare to send screenshot: 1368115249.jpg
ssp	1368115249	2013-05-10	00:00:49	|	00:00:49	file berhasil kami terima dengan baik.
ssp	1368115249	2013-05-10	00:00:49	|	00:00:49	Screenshot was sent: 1368115249.jpg
ssp	1368115249	2013-05-10	00:00:49	|	00:00:50	#Prepare to make screenshot.
ssp	1368115249	2013-05-10	00:00:49	|	00:00:50	Screenshot created.
ssp	1368115249	2013-05-10	00:00:49	|	00:00:50	Screenshot renamed: 1368115249.98.jpg
ssp	1368115249	2013-05-10	00:00:49	|	00:00:50	Prepare to send screenshot: 1368115249.98.jpg
ssp	1368115249	2013-05-10	00:00:49	|	00:00:50	file berhasil kami terima dengan baik.
ssp	1368115249	2013-05-10	00:00:49	|	00:00:50	Screenshot was sent: 1368115249.98.jpg
ssp	1368115251	2013-05-10	00:00:51	|	00:00:51	#Prepare to make screenshot.
ssp	1368115251	2013-05-10	00:00:51	|	00:00:51	Screenshot created.
ssp	1368115251	2013-05-10	00:00:51	|	00:00:51	Screenshot renamed: 1368115251.jpg
ssp	1368115251	2013-05-10	00:00:51	|	00:00:51	Prepare to send screenshot: 1368115251.jpg
ssp	1368115251	2013-05-10	00:00:51	|	00:00:51	file berhasil kami terima dengan baik.
ssp	1368115251	2013-05-10	00:00:51	|	00:00:51	Screenshot was sent: 1368115251.jpg
ssp	1368115252	2013-05-10	00:00:52	|	00:00:52	#Prepare to make screenshot.
ssp	1368115252	2013-05-10	00:00:52	|	00:00:52	Screenshot created.
ssp	1368115252	2013-05-10	00:00:52	|	00:00:52	Screenshot renamed: 1368115252.02.jpg
ssp	1368115252	2013-05-10	00:00:52	|	00:00:52	Prepare to send screenshot: 1368115252.02.jpg
ssp	1368115252	2013-05-10	00:00:52	|	00:00:52	file berhasil kami terima dengan baik.
ssp	1368115252	2013-05-10	00:00:52	|	00:00:52	Screenshot was sent: 1368115252.02.jpg
ssp	1368115253	2013-05-10	00:00:53	|	00:00:53	#Prepare to make screenshot.
ssp	1368115253	2013-05-10	00:00:53	|	00:00:53	Screenshot created.
ssp	1368115253	2013-05-10	00:00:53	|	00:00:53	Screenshot renamed: 1368115253.08.jpg
ssp	1368115253	2013-05-10	00:00:53	|	00:00:53	Prepare to send screenshot: 1368115253.08.jpg
ssp	1368115253	2013-05-10	00:00:53	|	00:00:53	file berhasil kami terima dengan baik.
ssp	1368115253	2013-05-10	00:00:53	|	00:00:53	Screenshot was sent: 1368115253.08.jpg
ssp	1368115254	2013-05-10	00:00:54	|	00:00:54	#Prepare to make screenshot.
ssp	1368115254	2013-05-10	00:00:54	|	00:00:54	Screenshot created.
ssp	1368115254	2013-05-10	00:00:54	|	00:00:54	Screenshot renamed: 1368115254.06.jpg
ssp	1368115254	2013-05-10	00:00:54	|	00:00:54	Prepare to send screenshot: 1368115254.06.jpg
ssp	1368115254	2013-05-10	00:00:54	|	00:00:54	file berhasil kami terima dengan baik.
ssp	1368115254	2013-05-10	00:00:54	|	00:00:54	Screenshot was sent: 1368115254.06.jpg
ssp	1368115254	2013-05-10	00:00:54	|	00:00:54	#Prepare to make screenshot.
ssp	1368115254	2013-05-10	00:00:54	|	00:00:55	Screenshot created.
ssp	1368115254	2013-05-10	00:00:54	|	00:00:55	Screenshot renamed: 1368115254.95.jpg
ssp	1368115254	2013-05-10	00:00:54	|	00:00:55	Prepare to send screenshot: 1368115254.95.jpg
ssp	1368115254	2013-05-10	00:00:54	|	00:00:55	file berhasil kami terima dengan baik.
ssp	1368115254	2013-05-10	00:00:54	|	00:00:55	Screenshot was sent: 1368115254.95.jpg
ssp	1368115256	2013-05-10	00:00:56	|	00:00:56	#Prepare to make screenshot.
ssp	1368115256	2013-05-10	00:00:56	|	00:00:56	Screenshot created.
ssp	1368115256	2013-05-10	00:00:56	|	00:00:56	Screenshot renamed: 1368115256.07.jpg
ssp	1368115256	2013-05-10	00:00:56	|	00:00:56	Prepare to send screenshot: 1368115256.07.jpg
ssp	1368115256	2013-05-10	00:00:56	|	00:00:56	file berhasil kami terima dengan baik.
ssp	1368115256	2013-05-10	00:00:56	|	00:00:56	Screenshot was sent: 1368115256.07.jpg
ssp	1368115257	2013-05-10	00:00:57	|	00:00:57	#Prepare to make screenshot.
ssp	1368115257	2013-05-10	00:00:57	|	00:00:57	Screenshot created.
ssp	1368115257	2013-05-10	00:00:57	|	00:00:57	Screenshot renamed: 1368115257.16.jpg
ssp	1368115257	2013-05-10	00:00:57	|	00:00:57	Prepare to send screenshot: 1368115257.16.jpg
ssp	1368115257	2013-05-10	00:00:57	|	00:00:57	file berhasil kami terima dengan baik.
ssp	1368115257	2013-05-10	00:00:57	|	00:00:57	Screenshot was sent: 1368115257.16.jpg
ssp	1368115258	2013-05-10	00:00:58	|	00:00:58	#Prepare to make screenshot.
ssp	1368115258	2013-05-10	00:00:58	|	00:00:58	Screenshot created.
ssp	1368115258	2013-05-10	00:00:58	|	00:00:58	Screenshot renamed: 1368115258.12.jpg
ssp	1368115258	2013-05-10	00:00:58	|	00:00:58	Prepare to send screenshot: 1368115258.12.jpg
ssp	1368115258	2013-05-10	00:00:58	|	00:00:58	file berhasil kami terima dengan baik.
ssp	1368115258	2013-05-10	00:00:58	|	00:00:58	Screenshot was sent: 1368115258.12.jpg
ssp	1368115259	2013-05-10	00:00:59	|	00:00:59	#Prepare to make screenshot.
ssp	1368115259	2013-05-10	00:00:59	|	00:00:59	Screenshot created.
ssp	1368115259	2013-05-10	00:00:59	|	00:00:59	Screenshot renamed: 1368115259.17.jpg
ssp	1368115259	2013-05-10	00:00:59	|	00:00:59	Prepare to send screenshot: 1368115259.17.jpg
ssp	1368115259	2013-05-10	00:00:59	|	00:00:59	file berhasil kami terima dengan baik.
ssp	1368115259	2013-05-10	00:00:59	|	00:00:59	Screenshot was sent: 1368115259.17.jpg
ssp	1368115259	2013-05-10	00:00:59	|	00:00:59	#Prepare to make screenshot.
ssp	1368115259	2013-05-10	00:00:59	|	00:01:00	Screenshot created.
ssp	1368115259	2013-05-10	00:00:59	|	00:01:00	Screenshot renamed: 1368115259.96.jpg
ssp	1368115259	2013-05-10	00:00:59	|	00:01:00	Prepare to send screenshot: 1368115259.96.jpg
ssp	1368115259	2013-05-10	00:00:59	|	00:01:00	file berhasil kami terima dengan baik.
ssp	1368115259	2013-05-10	00:00:59	|	00:01:00	Screenshot was sent: 1368115259.96.jpg
ssp	1368115260	2013-05-10	00:01:00	|	00:01:00	#Prepare to make screenshot.
ssp	1368115260	2013-05-10	00:01:00	|	00:01:01	Screenshot created.
ssp	1368115260	2013-05-10	00:01:00	|	00:01:01	Screenshot renamed: 1368115260.98.jpg
ssp	1368115260	2013-05-10	00:01:00	|	00:01:01	Prepare to send screenshot: 1368115260.98.jpg
ssp	1368115260	2013-05-10	00:01:00	|	00:01:01	file berhasil kami terima dengan baik.
ssp	1368115260	2013-05-10	00:01:00	|	00:01:01	Screenshot was sent: 1368115260.98.jpg
ssp	1368115262	2013-05-10	00:01:02	|	00:01:02	#Prepare to make screenshot.
ssp	1368115262	2013-05-10	00:01:02	|	00:01:02	Screenshot created.
ssp	1368115262	2013-05-10	00:01:02	|	00:01:02	Screenshot renamed: 1368115261.99.jpg
ssp	1368115262	2013-05-10	00:01:02	|	00:01:02	Prepare to send screenshot: 1368115261.99.jpg
ssp	1368115262	2013-05-10	00:01:02	|	00:01:02	file berhasil kami terima dengan baik.
ssp	1368115262	2013-05-10	00:01:02	|	00:01:02	Screenshot was sent: 1368115261.99.jpg
ssp	1368115263	2013-05-10	00:01:03	|	00:01:03	#Prepare to make screenshot.
ssp	1368115263	2013-05-10	00:01:03	|	00:01:03	Screenshot created.
ssp	1368115263	2013-05-10	00:01:03	|	00:01:03	Screenshot renamed: 1368115263.07.jpg
ssp	1368115263	2013-05-10	00:01:03	|	00:01:03	Prepare to send screenshot: 1368115263.07.jpg
ssp	1368115263	2013-05-10	00:01:03	|	00:01:03	file berhasil kami terima dengan baik.
ssp	1368115263	2013-05-10	00:01:03	|	00:01:03	Screenshot was sent: 1368115263.07.jpg
ssp	1368115264	2013-05-10	00:01:04	|	00:01:04	#Prepare to make screenshot.
ssp	1368115264	2013-05-10	00:01:04	|	00:01:04	Screenshot created.
ssp	1368115264	2013-05-10	00:01:04	|	00:01:04	Screenshot renamed: 1368115264.11.jpg
ssp	1368115264	2013-05-10	00:01:04	|	00:01:04	Prepare to send screenshot: 1368115264.11.jpg
ssp	1368115264	2013-05-10	00:01:04	|	00:01:04	file berhasil kami terima dengan baik.
ssp	1368115264	2013-05-10	00:01:04	|	00:01:04	Screenshot was sent: 1368115264.11.jpg
ssp	1368115265	2013-05-10	00:01:05	|	00:01:05	#Prepare to make screenshot.
ssp	1368115265	2013-05-10	00:01:05	|	00:01:05	Screenshot created.
ssp	1368115265	2013-05-10	00:01:05	|	00:01:05	Screenshot renamed: 1368115265.12.jpg
ssp	1368115265	2013-05-10	00:01:05	|	00:01:05	Prepare to send screenshot: 1368115265.12.jpg
ssp	1368115265	2013-05-10	00:01:05	|	00:01:05	file berhasil kami terima dengan baik.
ssp	1368115265	2013-05-10	00:01:05	|	00:01:05	Screenshot was sent: 1368115265.12.jpg
ssp	1368115265	2013-05-10	00:01:05	|	00:01:05	#Prepare to make screenshot.
ssp	1368115265	2013-05-10	00:01:05	|	00:01:06	Screenshot created.
ssp	1368115265	2013-05-10	00:01:05	|	00:01:06	Screenshot renamed: 1368115265.96.jpg
ssp	1368115265	2013-05-10	00:01:05	|	00:01:06	Prepare to send screenshot: 1368115265.96.jpg
ssp	1368115265	2013-05-10	00:01:05	|	00:01:06	file berhasil kami terima dengan baik.
ssp	1368115265	2013-05-10	00:01:05	|	00:01:06	Screenshot was sent: 1368115265.96.jpg
ssp	1368115267	2013-05-10	00:01:07	|	00:01:07	#Prepare to make screenshot.
ssp	1368115267	2013-05-10	00:01:07	|	00:01:07	Screenshot created.
ssp	1368115267	2013-05-10	00:01:07	|	00:01:07	Screenshot renamed: 1368115267.28.jpg
ssp	1368115267	2013-05-10	00:01:07	|	00:01:07	Prepare to send screenshot: 1368115267.28.jpg
ssp	1368115267	2013-05-10	00:01:07	|	00:01:07	file berhasil kami terima dengan baik.
ssp	1368115267	2013-05-10	00:01:07	|	00:01:07	Screenshot was sent: 1368115267.28.jpg
ssp	1368115268	2013-05-10	00:01:08	|	00:01:08	#Prepare to make screenshot.
ssp	1368115268	2013-05-10	00:01:08	|	00:01:08	Screenshot created.
ssp	1368115268	2013-05-10	00:01:08	|	00:01:08	Screenshot renamed: 1368115268.04.jpg
ssp	1368115268	2013-05-10	00:01:08	|	00:01:08	Prepare to send screenshot: 1368115268.04.jpg
ssp	1368115268	2013-05-10	00:01:08	|	00:01:08	file berhasil kami terima dengan baik.
ssp	1368115268	2013-05-10	00:01:08	|	00:01:08	Screenshot was sent: 1368115268.04.jpg
ssp	1368115269	2013-05-10	00:01:09	|	00:01:09	#Prepare to make screenshot.
ssp	1368115269	2013-05-10	00:01:09	|	00:01:09	Screenshot created.
ssp	1368115269	2013-05-10	00:01:09	|	00:01:09	Screenshot renamed: 1368115269.jpg
ssp	1368115269	2013-05-10	00:01:09	|	00:01:09	Prepare to send screenshot: 1368115269.jpg
ssp	1368115269	2013-05-10	00:01:09	|	00:01:09	file berhasil kami terima dengan baik.
ssp	1368115269	2013-05-10	00:01:09	|	00:01:09	Screenshot was sent: 1368115269.jpg
ssp	1368115270	2013-05-10	00:01:10	|	00:01:10	#Prepare to make screenshot.
ssp	1368115270	2013-05-10	00:01:10	|	00:01:10	Screenshot created.
ssp	1368115270	2013-05-10	00:01:10	|	00:01:10	Screenshot renamed: 1368115270.04.jpg
ssp	1368115270	2013-05-10	00:01:10	|	00:01:10	Prepare to send screenshot: 1368115270.04.jpg
ssp	1368115270	2013-05-10	00:01:10	|	00:01:10	file berhasil kami terima dengan baik.
ssp	1368115270	2013-05-10	00:01:10	|	00:01:10	Screenshot was sent: 1368115270.04.jpg
ssp	1368115271	2013-05-10	00:01:11	|	00:01:11	#Prepare to make screenshot.
ssp	1368115271	2013-05-10	00:01:11	|	00:01:11	Screenshot created.
ssp	1368115271	2013-05-10	00:01:11	|	00:01:11	Screenshot renamed: 1368115271.09.jpg
ssp	1368115271	2013-05-10	00:01:11	|	00:01:11	Prepare to send screenshot: 1368115271.09.jpg
ssp	1368115271	2013-05-10	00:01:11	|	00:01:11	file berhasil kami terima dengan baik.
ssp	1368115271	2013-05-10	00:01:11	|	00:01:11	Screenshot was sent: 1368115271.09.jpg
ssp	1368115272	2013-05-10	00:01:12	|	00:01:12	#Prepare to make screenshot.
ssp	1368115272	2013-05-10	00:01:12	|	00:01:12	Screenshot created.
ssp	1368115272	2013-05-10	00:01:12	|	00:01:12	Screenshot renamed: 1368115272.12.jpg
ssp	1368115272	2013-05-10	00:01:12	|	00:01:12	Prepare to send screenshot: 1368115272.12.jpg
ssp	1368115272	2013-05-10	00:01:12	|	00:01:12	file berhasil kami terima dengan baik.
ssp	1368115272	2013-05-10	00:01:12	|	00:01:12	Screenshot was sent: 1368115272.12.jpg
ssp	1368115273	2013-05-10	00:01:13	|	00:01:13	#Prepare to make screenshot.
ssp	1368115273	2013-05-10	00:01:13	|	00:01:13	Screenshot created.
ssp	1368115273	2013-05-10	00:01:13	|	00:01:13	Screenshot renamed: 1368115273.06.jpg
ssp	1368115273	2013-05-10	00:01:13	|	00:01:13	Prepare to send screenshot: 1368115273.06.jpg
ssp	1368115273	2013-05-10	00:01:13	|	00:01:13	file berhasil kami terima dengan baik.
ssp	1368115273	2013-05-10	00:01:13	|	00:01:13	Screenshot was sent: 1368115273.06.jpg
ssp	1368115274	2013-05-10	00:01:14	|	00:01:14	#Prepare to make screenshot.
ssp	1368115274	2013-05-10	00:01:14	|	00:01:14	Screenshot created.
ssp	1368115274	2013-05-10	00:01:14	|	00:01:14	Screenshot renamed: 1368115274.05.jpg
ssp	1368115274	2013-05-10	00:01:14	|	00:01:14	Prepare to send screenshot: 1368115274.05.jpg
ssp	1368115274	2013-05-10	00:01:14	|	00:01:14	file berhasil kami terima dengan baik.
ssp	1368115274	2013-05-10	00:01:14	|	00:01:14	Screenshot was sent: 1368115274.05.jpg
ssp	1368115275	2013-05-10	00:01:15	|	00:01:15	#Prepare to make screenshot.
ssp	1368115275	2013-05-10	00:01:15	|	00:01:15	Screenshot created.
ssp	1368115275	2013-05-10	00:01:15	|	00:01:15	Screenshot renamed: 1368115275.04.jpg
ssp	1368115275	2013-05-10	00:01:15	|	00:01:15	Prepare to send screenshot: 1368115275.04.jpg
ssp	1368115275	2013-05-10	00:01:15	|	00:01:15	file berhasil kami terima dengan baik.
ssp	1368115275	2013-05-10	00:01:15	|	00:01:15	Screenshot was sent: 1368115275.04.jpg
ssp	1368115276	2013-05-10	00:01:16	|	00:01:16	#Prepare to make screenshot.
ssp	1368115276	2013-05-10	00:01:16	|	00:01:16	Screenshot created.
ssp	1368115276	2013-05-10	00:01:16	|	00:01:16	Screenshot renamed: 1368115276.05.jpg
ssp	1368115276	2013-05-10	00:01:16	|	00:01:16	Prepare to send screenshot: 1368115276.05.jpg
ssp	1368115276	2013-05-10	00:01:16	|	00:01:16	file berhasil kami terima dengan baik.
ssp	1368115276	2013-05-10	00:01:16	|	00:01:16	Screenshot was sent: 1368115276.05.jpg
ssp	1368115277	2013-05-10	00:01:17	|	00:01:17	#Prepare to make screenshot.
ssp	1368115277	2013-05-10	00:01:17	|	00:01:17	Screenshot created.
ssp	1368115277	2013-05-10	00:01:17	|	00:01:17	Screenshot renamed: 1368115277.07.jpg
ssp	1368115277	2013-05-10	00:01:17	|	00:01:17	Prepare to send screenshot: 1368115277.07.jpg
ssp	1368115277	2013-05-10	00:01:17	|	00:01:17	file berhasil kami terima dengan baik.
ssp	1368115277	2013-05-10	00:01:17	|	00:01:17	Screenshot was sent: 1368115277.07.jpg
ssp	1368115278	2013-05-10	00:01:18	|	00:01:18	#Prepare to make screenshot.
ssp	1368115278	2013-05-10	00:01:18	|	00:01:18	Screenshot created.
ssp	1368115278	2013-05-10	00:01:18	|	00:01:18	Screenshot renamed: 1368115278.03.jpg
ssp	1368115278	2013-05-10	00:01:18	|	00:01:18	Prepare to send screenshot: 1368115278.03.jpg
ssp	1368115278	2013-05-10	00:01:18	|	00:01:18	file berhasil kami terima dengan baik.
ssp	1368115278	2013-05-10	00:01:18	|	00:01:18	Screenshot was sent: 1368115278.03.jpg
ssp	1368115278	2013-05-10	00:01:18	|	00:01:18	#Prepare to make screenshot.
ssp	1368115278	2013-05-10	00:01:18	|	00:01:19	Screenshot created.
ssp	1368115278	2013-05-10	00:01:18	|	00:01:19	Screenshot renamed: 1368115278.98.jpg
ssp	1368115278	2013-05-10	00:01:18	|	00:01:19	Prepare to send screenshot: 1368115278.98.jpg
ssp	1368115278	2013-05-10	00:01:18	|	00:01:19	file berhasil kami terima dengan baik.
ssp	1368115278	2013-05-10	00:01:18	|	00:01:19	Screenshot was sent: 1368115278.98.jpg
ssp	1368115280	2013-05-10	00:01:20	|	00:01:20	#Prepare to make screenshot.
ssp	1368115280	2013-05-10	00:01:20	|	00:01:20	Screenshot created.
ssp	1368115280	2013-05-10	00:01:20	|	00:01:20	Screenshot renamed: 1368115280.jpg
ssp	1368115280	2013-05-10	00:01:20	|	00:01:20	Prepare to send screenshot: 1368115280.jpg
ssp	1368115280	2013-05-10	00:01:20	|	00:01:20	file berhasil kami terima dengan baik.
ssp	1368115280	2013-05-10	00:01:20	|	00:01:20	Screenshot was sent: 1368115280.jpg
ssp	1368115281	2013-05-10	00:01:21	|	00:01:21	#Prepare to make screenshot.
ssp	1368115281	2013-05-10	00:01:21	|	00:01:21	Screenshot created.
ssp	1368115281	2013-05-10	00:01:21	|	00:01:21	Screenshot renamed: 1368115281.09.jpg
ssp	1368115281	2013-05-10	00:01:21	|	00:01:21	Prepare to send screenshot: 1368115281.09.jpg
ssp	1368115281	2013-05-10	00:01:21	|	00:01:21	file berhasil kami terima dengan baik.
ssp	1368115281	2013-05-10	00:01:21	|	00:01:21	Screenshot was sent: 1368115281.09.jpg
ssp	1368115282	2013-05-10	00:01:22	|	00:01:22	#Prepare to make screenshot.
ssp	1368115282	2013-05-10	00:01:22	|	00:01:22	Screenshot created.
ssp	1368115282	2013-05-10	00:01:22	|	00:01:22	Screenshot renamed: 1368115282.06.jpg
ssp	1368115282	2013-05-10	00:01:22	|	00:01:22	Prepare to send screenshot: 1368115282.06.jpg
ssp	1368115282	2013-05-10	00:01:22	|	00:01:22	file berhasil kami terima dengan baik.
ssp	1368115282	2013-05-10	00:01:22	|	00:01:22	Screenshot was sent: 1368115282.06.jpg
ssp	1368115283	2013-05-10	00:01:23	|	00:01:23	#Prepare to make screenshot.
ssp	1368115283	2013-05-10	00:01:23	|	00:01:23	Screenshot created.
ssp	1368115283	2013-05-10	00:01:23	|	00:01:23	Screenshot renamed: 1368115283.04.jpg
ssp	1368115283	2013-05-10	00:01:23	|	00:01:23	Prepare to send screenshot: 1368115283.04.jpg
ssp	1368115283	2013-05-10	00:01:23	|	00:01:23	file berhasil kami terima dengan baik.
ssp	1368115283	2013-05-10	00:01:23	|	00:01:23	Screenshot was sent: 1368115283.04.jpg
ssp	1368115284	2013-05-10	00:01:24	|	00:01:24	#Prepare to make screenshot.
ssp	1368115284	2013-05-10	00:01:24	|	00:01:24	Screenshot created.
ssp	1368115284	2013-05-10	00:01:24	|	00:01:24	Screenshot renamed: 1368115284.02.jpg
ssp	1368115284	2013-05-10	00:01:24	|	00:01:24	Prepare to send screenshot: 1368115284.02.jpg
ssp	1368115284	2013-05-10	00:01:24	|	00:01:24	file berhasil kami terima dengan baik.
ssp	1368115284	2013-05-10	00:01:24	|	00:01:24	Screenshot was sent: 1368115284.02.jpg
ssp	1368115285	2013-05-10	00:01:25	|	00:01:25	#Prepare to make screenshot.
ssp	1368115285	2013-05-10	00:01:25	|	00:01:25	Screenshot created.
ssp	1368115285	2013-05-10	00:01:25	|	00:01:25	Screenshot renamed: 1368115285.03.jpg
ssp	1368115285	2013-05-10	00:01:25	|	00:01:25	Current screenshot detected same than before.
ssp	1368115285	2013-05-10	00:01:25	|	00:01:25	Deleted Screenshot: 1368115285.03.jpg
ssp	1368115285	2013-05-10	00:01:25	|	00:01:26	#Prepare to make screenshot.
ssp	1368115285	2013-05-10	00:01:25	|	00:01:26	Screenshot created.
ssp	1368115285	2013-05-10	00:01:25	|	00:01:26	Screenshot renamed: 1368115285.98.jpg
ssp	1368115285	2013-05-10	00:01:25	|	00:01:26	Prepare to send screenshot: 1368115285.98.jpg
ssp	1368115285	2013-05-10	00:01:25	|	00:01:26	file berhasil kami terima dengan baik.
ssp	1368115285	2013-05-10	00:01:25	|	00:01:26	Screenshot was sent: 1368115285.98.jpg
ssp	1368115287	2013-05-10	00:01:27	|	00:01:27	#Prepare to make screenshot.
ssp	1368115287	2013-05-10	00:01:27	|	00:01:27	Screenshot created.
ssp	1368115287	2013-05-10	00:01:27	|	00:01:27	Screenshot renamed: 1368115287.2.jpg
ssp	1368115287	2013-05-10	00:01:27	|	00:01:27	Prepare to send screenshot: 1368115287.2.jpg
ssp	1368115287	2013-05-10	00:01:27	|	00:01:27	file berhasil kami terima dengan baik.
ssp	1368115287	2013-05-10	00:01:27	|	00:01:27	Screenshot was sent: 1368115287.2.jpg
ssp	1368115287	2013-05-10	00:01:27	|	00:01:27	#Prepare to make screenshot.
ssp	1368115287	2013-05-10	00:01:27	|	00:01:28	Screenshot created.
ssp	1368115287	2013-05-10	00:01:27	|	00:01:28	Screenshot renamed: 1368115287.96.jpg
ssp	1368115287	2013-05-10	00:01:27	|	00:01:28	Prepare to send screenshot: 1368115287.96.jpg
ssp	1368115287	2013-05-10	00:01:27	|	00:01:28	file berhasil kami terima dengan baik.
ssp	1368115287	2013-05-10	00:01:27	|	00:01:28	Screenshot was sent: 1368115287.96.jpg
ssp	1368115289	2013-05-10	00:01:29	|	00:01:29	#Prepare to make screenshot.
ssp	1368115289	2013-05-10	00:01:29	|	00:01:29	Screenshot created.
ssp	1368115289	2013-05-10	00:01:29	|	00:01:29	Screenshot renamed: 1368115289.2.jpg
ssp	1368115289	2013-05-10	00:01:29	|	00:01:29	Prepare to send screenshot: 1368115289.2.jpg
ssp	1368115289	2013-05-10	00:01:29	|	00:01:29	file berhasil kami terima dengan baik.
ssp	1368115289	2013-05-10	00:01:29	|	00:01:29	Screenshot was sent: 1368115289.2.jpg
ssp	1368115290	2013-05-10	00:01:30	|	00:01:30	#Prepare to make screenshot.
ssp	1368115290	2013-05-10	00:01:30	|	00:01:30	Screenshot created.
ssp	1368115290	2013-05-10	00:01:30	|	00:01:30	Screenshot renamed: 1368115290.02.jpg
ssp	1368115290	2013-05-10	00:01:30	|	00:01:30	Prepare to send screenshot: 1368115290.02.jpg
ssp	1368115290	2013-05-10	00:01:30	|	00:01:30	file berhasil kami terima dengan baik.
ssp	1368115290	2013-05-10	00:01:30	|	00:01:30	Screenshot was sent: 1368115290.02.jpg
ssp	1368115290	2013-05-10	00:01:30	|	00:01:30	#Prepare to make screenshot.
ssp	1368115290	2013-05-10	00:01:30	|	00:01:31	Screenshot created.
ssp	1368115290	2013-05-10	00:01:30	|	00:01:31	Screenshot renamed: 1368115290.98.jpg
ssp	1368115290	2013-05-10	00:01:30	|	00:01:31	Prepare to send screenshot: 1368115290.98.jpg
ssp	1368115290	2013-05-10	00:01:30	|	00:01:31	file berhasil kami terima dengan baik.
ssp	1368115290	2013-05-10	00:01:30	|	00:01:31	Screenshot was sent: 1368115290.98.jpg
ssp	1368115292	2013-05-10	00:01:32	|	00:01:32	#Prepare to make screenshot.
ssp	1368115292	2013-05-10	00:01:32	|	00:01:32	Screenshot created.
ssp	1368115292	2013-05-10	00:01:32	|	00:01:32	Screenshot renamed: 1368115292.19.jpg
ssp	1368115292	2013-05-10	00:01:32	|	00:01:32	Prepare to send screenshot: 1368115292.19.jpg
ssp	1368115292	2013-05-10	00:01:32	|	00:01:32	file berhasil kami terima dengan baik.
ssp	1368115292	2013-05-10	00:01:32	|	00:01:32	Screenshot was sent: 1368115292.19.jpg
ssp	1368115293	2013-05-10	00:01:33	|	00:01:33	#Prepare to make screenshot.
ssp	1368115293	2013-05-10	00:01:33	|	00:01:33	Screenshot created.
ssp	1368115293	2013-05-10	00:01:33	|	00:01:33	Screenshot renamed: 1368115293.17.jpg
ssp	1368115293	2013-05-10	00:01:33	|	00:01:33	Prepare to send screenshot: 1368115293.17.jpg
ssp	1368115293	2013-05-10	00:01:33	|	00:01:33	file berhasil kami terima dengan baik.
ssp	1368115293	2013-05-10	00:01:33	|	00:01:33	Screenshot was sent: 1368115293.17.jpg
ssp	1368115293	2013-05-10	00:01:33	|	00:01:33	#Prepare to make screenshot.
ssp	1368115293	2013-05-10	00:01:33	|	00:01:34	Screenshot created.
ssp	1368115293	2013-05-10	00:01:33	|	00:01:34	Screenshot renamed: 1368115293.98.jpg
ssp	1368115293	2013-05-10	00:01:33	|	00:01:34	Prepare to send screenshot: 1368115293.98.jpg
ssp	1368115293	2013-05-10	00:01:33	|	00:01:34	file berhasil kami terima dengan baik.
ssp	1368115293	2013-05-10	00:01:33	|	00:01:34	Screenshot was sent: 1368115293.98.jpg
ssp	1368115294	2013-05-10	00:01:34	|	00:01:34	#Prepare to make screenshot.
ssp	1368115294	2013-05-10	00:01:34	|	00:01:35	Screenshot created.
ssp	1368115294	2013-05-10	00:01:34	|	00:01:35	Screenshot renamed: 1368115294.97.jpg
ssp	1368115294	2013-05-10	00:01:34	|	00:01:35	Prepare to send screenshot: 1368115294.97.jpg
ssp	1368115294	2013-05-10	00:01:34	|	00:01:35	file berhasil kami terima dengan baik.
ssp	1368115294	2013-05-10	00:01:34	|	00:01:35	Screenshot was sent: 1368115294.97.jpg
ssp	1368115296	2013-05-10	00:01:36	|	00:01:36	#Prepare to make screenshot.
ssp	1368115296	2013-05-10	00:01:36	|	00:01:36	Screenshot created.
ssp	1368115296	2013-05-10	00:01:36	|	00:01:36	Screenshot renamed: 1368115296.16.jpg
ssp	1368115296	2013-05-10	00:01:36	|	00:01:36	Prepare to send screenshot: 1368115296.16.jpg
ssp	1368115296	2013-05-10	00:01:36	|	00:01:36	file berhasil kami terima dengan baik.
ssp	1368115296	2013-05-10	00:01:36	|	00:01:36	Screenshot was sent: 1368115296.16.jpg
ssp	1368115297	2013-05-10	00:01:37	|	00:01:37	#Prepare to make screenshot.
ssp	1368115297	2013-05-10	00:01:37	|	00:01:37	Screenshot created.
ssp	1368115297	2013-05-10	00:01:37	|	00:01:37	Screenshot renamed: 1368115297.17.jpg
ssp	1368115297	2013-05-10	00:01:37	|	00:01:37	Prepare to send screenshot: 1368115297.17.jpg
ssp	1368115297	2013-05-10	00:01:37	|	00:01:37	file berhasil kami terima dengan baik.
ssp	1368115297	2013-05-10	00:01:37	|	00:01:37	Screenshot was sent: 1368115297.17.jpg
ssp	1368115298	2013-05-10	00:01:38	|	00:01:38	#Prepare to make screenshot.
ssp	1368115298	2013-05-10	00:01:38	|	00:01:38	Screenshot created.
ssp	1368115298	2013-05-10	00:01:38	|	00:01:38	Screenshot renamed: 1368115298.02.jpg
ssp	1368115298	2013-05-10	00:01:38	|	00:01:38	Prepare to send screenshot: 1368115298.02.jpg
ssp	1368115298	2013-05-10	00:01:38	|	00:01:38	file berhasil kami terima dengan baik.
ssp	1368115298	2013-05-10	00:01:38	|	00:01:38	Screenshot was sent: 1368115298.02.jpg
ssp	1368115298	2013-05-10	00:01:38	|	00:01:38	#Prepare to make screenshot.
ssp	1368115298	2013-05-10	00:01:38	|	00:01:39	Screenshot created.
ssp	1368115298	2013-05-10	00:01:38	|	00:01:39	Screenshot renamed: 1368115298.96.jpg
ssp	1368115298	2013-05-10	00:01:38	|	00:01:39	Prepare to send screenshot: 1368115298.96.jpg
ssp	1368115298	2013-05-10	00:01:38	|	00:01:39	file berhasil kami terima dengan baik.
ssp	1368115298	2013-05-10	00:01:38	|	00:01:39	Screenshot was sent: 1368115298.96.jpg
ssp	1368115300	2013-05-10	00:01:40	|	00:01:40	#Prepare to make screenshot.
ssp	1368115300	2013-05-10	00:01:40	|	00:01:40	Screenshot created.
ssp	1368115300	2013-05-10	00:01:40	|	00:01:40	Screenshot renamed: 1368115300.16.jpg
ssp	1368115300	2013-05-10	00:01:40	|	00:01:40	Prepare to send screenshot: 1368115300.16.jpg
ssp	1368115300	2013-05-10	00:01:40	|	00:01:40	file berhasil kami terima dengan baik.
ssp	1368115300	2013-05-10	00:01:40	|	00:01:40	Screenshot was sent: 1368115300.16.jpg
ssp	1368115301	2013-05-10	00:01:41	|	00:01:41	#Prepare to make screenshot.
ssp	1368115301	2013-05-10	00:01:41	|	00:01:41	Screenshot created.
ssp	1368115301	2013-05-10	00:01:41	|	00:01:41	Screenshot renamed: 1368115301.16.jpg
ssp	1368115301	2013-05-10	00:01:41	|	00:01:41	Prepare to send screenshot: 1368115301.16.jpg
ssp	1368115301	2013-05-10	00:01:41	|	00:01:41	file berhasil kami terima dengan baik.
ssp	1368115301	2013-05-10	00:01:41	|	00:01:41	Screenshot was sent: 1368115301.16.jpg
ssp	1368115302	2013-05-10	00:01:42	|	00:01:42	#Prepare to make screenshot.
ssp	1368115302	2013-05-10	00:01:42	|	00:01:42	Screenshot created.
ssp	1368115302	2013-05-10	00:01:42	|	00:01:42	Screenshot renamed: 1368115302.18.jpg
ssp	1368115302	2013-05-10	00:01:42	|	00:01:42	Prepare to send screenshot: 1368115302.18.jpg
ssp	1368115302	2013-05-10	00:01:42	|	00:01:42	file berhasil kami terima dengan baik.
ssp	1368115302	2013-05-10	00:01:42	|	00:01:42	Screenshot was sent: 1368115302.18.jpg
ssp	1368115303	2013-05-10	00:01:43	|	00:01:43	#Prepare to make screenshot.
ssp	1368115303	2013-05-10	00:01:43	|	00:01:43	Screenshot created.
ssp	1368115303	2013-05-10	00:01:43	|	00:01:43	Screenshot renamed: 1368115303.19.jpg
ssp	1368115303	2013-05-10	00:01:43	|	00:01:43	Prepare to send screenshot: 1368115303.19.jpg
ssp	1368115303	2013-05-10	00:01:43	|	00:01:43	file berhasil kami terima dengan baik.
ssp	1368115303	2013-05-10	00:01:43	|	00:01:43	Screenshot was sent: 1368115303.19.jpg
ssp	1368115303	2013-05-10	00:01:43	|	00:01:44	------------------------------------
